C:\FastCG\dependencies\freetype_2411\Debug (Fixed Function Pipline)\autofit.obj
C:\FastCG\dependencies\freetype_2411\Debug (Fixed Function Pipline)\bdf.obj
C:\FastCG\dependencies\freetype_2411\Debug (Fixed Function Pipline)\cff.obj
C:\FastCG\dependencies\freetype_2411\Debug (Fixed Function Pipline)\CL.2640.read.1.tlog
C:\FastCG\dependencies\freetype_2411\Debug (Fixed Function Pipline)\CL.2640.write.1.tlog
C:\FastCG\dependencies\freetype_2411\Debug (Fixed Function Pipline)\CL.3256.read.1.tlog
C:\FastCG\dependencies\freetype_2411\Debug (Fixed Function Pipline)\CL.3256.write.1.tlog
C:\FastCG\dependencies\freetype_2411\Debug (Fixed Function Pipline)\CL.5752.read.1.tlog
C:\FastCG\dependencies\freetype_2411\Debug (Fixed Function Pipline)\CL.5752.write.1.tlog
C:\FastCG\dependencies\freetype_2411\Debug (Fixed Function Pipline)\CL.6804.read.1.tlog
C:\FastCG\dependencies\freetype_2411\Debug (Fixed Function Pipline)\CL.6804.write.1.tlog
C:\FastCG\dependencies\freetype_2411\Debug (Fixed Function Pipline)\cl.command.1.tlog
C:\FastCG\dependencies\freetype_2411\Debug (Fixed Function Pipline)\CL.read.1.tlog
C:\FastCG\dependencies\freetype_2411\Debug (Fixed Function Pipline)\cl.write.1.tlog
C:\FastCG\dependencies\freetype_2411\Debug (Fixed Function Pipline)\freetype_2411.write.1.tlog
C:\FASTCG\DEPENDENCIES\FREETYPE_2411\DEBUG (FIXED FUNCTION PIPLINE)\FREETYPE2411D.LIB
C:\FastCG\dependencies\freetype_2411\Debug (Fixed Function Pipline)\ftbase.obj
C:\FastCG\dependencies\freetype_2411\Debug (Fixed Function Pipline)\ftbbox.obj
C:\FastCG\dependencies\freetype_2411\Debug (Fixed Function Pipline)\ftbitmap.obj
C:\FastCG\dependencies\freetype_2411\Debug (Fixed Function Pipline)\ftcache.obj
C:\FastCG\dependencies\freetype_2411\Debug (Fixed Function Pipline)\ftdebug.obj
C:\FastCG\dependencies\freetype_2411\Debug (Fixed Function Pipline)\ftfstype.obj
C:\FastCG\dependencies\freetype_2411\Debug (Fixed Function Pipline)\ftgasp.obj
C:\FastCG\dependencies\freetype_2411\Debug (Fixed Function Pipline)\ftglyph.obj
C:\FastCG\dependencies\freetype_2411\Debug (Fixed Function Pipline)\ftgxval.obj
C:\FastCG\dependencies\freetype_2411\Debug (Fixed Function Pipline)\ftgzip.obj
C:\FastCG\dependencies\freetype_2411\Debug (Fixed Function Pipline)\ftinit.obj
C:\FastCG\dependencies\freetype_2411\Debug (Fixed Function Pipline)\ftlcdfil.obj
C:\FastCG\dependencies\freetype_2411\Debug (Fixed Function Pipline)\ftlzw.obj
C:\FastCG\dependencies\freetype_2411\Debug (Fixed Function Pipline)\ftmm.obj
C:\FastCG\dependencies\freetype_2411\Debug (Fixed Function Pipline)\ftotval.obj
C:\FastCG\dependencies\freetype_2411\Debug (Fixed Function Pipline)\ftpatent.obj
C:\FastCG\dependencies\freetype_2411\Debug (Fixed Function Pipline)\ftpfr.obj
C:\FastCG\dependencies\freetype_2411\Debug (Fixed Function Pipline)\ftstroke.obj
C:\FastCG\dependencies\freetype_2411\Debug (Fixed Function Pipline)\ftsynth.obj
C:\FastCG\dependencies\freetype_2411\Debug (Fixed Function Pipline)\ftsystem.obj
C:\FastCG\dependencies\freetype_2411\Debug (Fixed Function Pipline)\fttype1.obj
C:\FastCG\dependencies\freetype_2411\Debug (Fixed Function Pipline)\ftwinfnt.obj
C:\FastCG\dependencies\freetype_2411\Debug (Fixed Function Pipline)\ftxf86.obj
C:\FastCG\dependencies\freetype_2411\Debug (Fixed Function Pipline)\lib.command.1.tlog
C:\FastCG\dependencies\freetype_2411\Debug (Fixed Function Pipline)\Lib-link.read.1.tlog
C:\FastCG\dependencies\freetype_2411\Debug (Fixed Function Pipline)\Lib-link.write.1.tlog
C:\FastCG\dependencies\freetype_2411\Debug (Fixed Function Pipline)\pcf.obj
C:\FastCG\dependencies\freetype_2411\Debug (Fixed Function Pipline)\pfr.obj
C:\FastCG\dependencies\freetype_2411\Debug (Fixed Function Pipline)\psaux.obj
C:\FastCG\dependencies\freetype_2411\Debug (Fixed Function Pipline)\pshinter.obj
C:\FastCG\dependencies\freetype_2411\Debug (Fixed Function Pipline)\psmodule.obj
C:\FastCG\dependencies\freetype_2411\Debug (Fixed Function Pipline)\raster.obj
C:\FastCG\dependencies\freetype_2411\Debug (Fixed Function Pipline)\sfnt.obj
C:\FastCG\dependencies\freetype_2411\Debug (Fixed Function Pipline)\smooth.obj
C:\FastCG\dependencies\freetype_2411\Debug (Fixed Function Pipline)\truetype.obj
C:\FastCG\dependencies\freetype_2411\Debug (Fixed Function Pipline)\type1.obj
C:\FastCG\dependencies\freetype_2411\Debug (Fixed Function Pipline)\type1cid.obj
C:\FastCG\dependencies\freetype_2411\Debug (Fixed Function Pipline)\type42.obj
C:\FASTCG\DEPENDENCIES\FREETYPE_2411\DEBUG (FIXED FUNCTION PIPLINE)\VC100.PDB
C:\FastCG\dependencies\freetype_2411\Debug (Fixed Function Pipline)\winfnt.obj
