C:\FastCG\dependencies\libpng_161\Debug (Fixed Function Pipline)\cl.command.1.tlog
C:\FastCG\dependencies\libpng_161\Debug (Fixed Function Pipline)\CL.read.1.tlog
C:\FastCG\dependencies\libpng_161\Debug (Fixed Function Pipline)\CL.write.1.tlog
C:\FASTCG\DEPENDENCIES\LIBPNG_161\DEBUG (FIXED FUNCTION PIPLINE)\EXAMPLE.OBJ
C:\FastCG\dependencies\libpng_161\Debug (Fixed Function Pipline)\lib.command.1.tlog
C:\FastCG\dependencies\libpng_161\Debug (Fixed Function Pipline)\Lib-link.read.1.tlog
C:\FastCG\dependencies\libpng_161\Debug (Fixed Function Pipline)\Lib-link.write.1.tlog
C:\FastCG\dependencies\libpng_161\Debug (Fixed Function Pipline)\libpng_161.vcxprojResolveAssemblyReference.cache
C:\FastCG\dependencies\libpng_161\Debug (Fixed Function Pipline)\libpng_161.write.1.tlog
C:\FASTCG\DEPENDENCIES\LIBPNG_161\DEBUG (FIXED FUNCTION PIPLINE)\LIBPNGD.LIB
C:\FASTCG\DEPENDENCIES\LIBPNG_161\DEBUG (FIXED FUNCTION PIPLINE)\PNG.OBJ
C:\FASTCG\DEPENDENCIES\LIBPNG_161\DEBUG (FIXED FUNCTION PIPLINE)\PNGERROR.OBJ
C:\FASTCG\DEPENDENCIES\LIBPNG_161\DEBUG (FIXED FUNCTION PIPLINE)\PNGGET.OBJ
C:\FASTCG\DEPENDENCIES\LIBPNG_161\DEBUG (FIXED FUNCTION PIPLINE)\PNGMEM.OBJ
C:\FASTCG\DEPENDENCIES\LIBPNG_161\DEBUG (FIXED FUNCTION PIPLINE)\PNGPREAD.OBJ
C:\FASTCG\DEPENDENCIES\LIBPNG_161\DEBUG (FIXED FUNCTION PIPLINE)\PNGREAD.OBJ
C:\FASTCG\DEPENDENCIES\LIBPNG_161\DEBUG (FIXED FUNCTION PIPLINE)\PNGRIO.OBJ
C:\FASTCG\DEPENDENCIES\LIBPNG_161\DEBUG (FIXED FUNCTION PIPLINE)\PNGRTRAN.OBJ
C:\FASTCG\DEPENDENCIES\LIBPNG_161\DEBUG (FIXED FUNCTION PIPLINE)\PNGRUTIL.OBJ
C:\FASTCG\DEPENDENCIES\LIBPNG_161\DEBUG (FIXED FUNCTION PIPLINE)\PNGSET.OBJ
C:\FASTCG\DEPENDENCIES\LIBPNG_161\DEBUG (FIXED FUNCTION PIPLINE)\PNGTEST.OBJ
C:\FASTCG\DEPENDENCIES\LIBPNG_161\DEBUG (FIXED FUNCTION PIPLINE)\PNGTRANS.OBJ
C:\FASTCG\DEPENDENCIES\LIBPNG_161\DEBUG (FIXED FUNCTION PIPLINE)\PNGWIO.OBJ
C:\FASTCG\DEPENDENCIES\LIBPNG_161\DEBUG (FIXED FUNCTION PIPLINE)\PNGWRITE.OBJ
C:\FASTCG\DEPENDENCIES\LIBPNG_161\DEBUG (FIXED FUNCTION PIPLINE)\PNGWTRAN.OBJ
C:\FASTCG\DEPENDENCIES\LIBPNG_161\DEBUG (FIXED FUNCTION PIPLINE)\PNGWUTIL.OBJ
C:\FastCG\dependencies\libpng_161\Debug (Fixed Function Pipline)\vc100.idb
C:\FASTCG\DEPENDENCIES\LIBPNG_161\DEBUG (FIXED FUNCTION PIPLINE)\VC100.PDB
