C:\FASTCG\CORE\DEBUG (FIXED FUNCTION PIPLINE)\APPLICATION.OBJ
C:\FASTCG\CORE\DEBUG (FIXED FUNCTION PIPLINE)\CAMERA.OBJ
C:\FastCG\core\Debug (Fixed Function Pipline)\cl.command.1.tlog
C:\FastCG\core\Debug (Fixed Function Pipline)\CL.read.1.tlog
C:\FastCG\core\Debug (Fixed Function Pipline)\CL.write.1.tlog
C:\FastCG\core\Debug (Fixed Function Pipline)\core.vcxprojResolveAssemblyReference.cache
C:\FastCG\core\Debug (Fixed Function Pipline)\core.write.1.tlog
C:\FASTCG\CORE\DEBUG (FIXED FUNCTION PIPLINE)\CORED.LIB
C:\FASTCG\CORE\DEBUG (FIXED FUNCTION PIPLINE)\DIRECTORY.OBJ
C:\FASTCG\CORE\DEBUG (FIXED FUNCTION PIPLINE)\FILEREADER.OBJ
C:\FASTCG\CORE\DEBUG (FIXED FUNCTION PIPLINE)\FONT.OBJ
C:\FASTCG\CORE\DEBUG (FIXED FUNCTION PIPLINE)\FONTREGISTRY.OBJ
C:\FASTCG\CORE\DEBUG (FIXED FUNCTION PIPLINE)\GEOMETRY.OBJ
C:\FastCG\core\Debug (Fixed Function Pipline)\lib.command.1.tlog
C:\FastCG\core\Debug (Fixed Function Pipline)\Lib-link.read.1.tlog
C:\FastCG\core\Debug (Fixed Function Pipline)\Lib-link.write.1.tlog
C:\FASTCG\CORE\DEBUG (FIXED FUNCTION PIPLINE)\MATERIAL.OBJ
C:\FASTCG\CORE\DEBUG (FIXED FUNCTION PIPLINE)\MATHF.OBJ
C:\FASTCG\CORE\DEBUG (FIXED FUNCTION PIPLINE)\RANDOM.OBJ
C:\FASTCG\CORE\DEBUG (FIXED FUNCTION PIPLINE)\SHADER.OBJ
C:\FASTCG\CORE\DEBUG (FIXED FUNCTION PIPLINE)\SHADERREGISTRY.OBJ
C:\FASTCG\CORE\DEBUG (FIXED FUNCTION PIPLINE)\SHADERSOURCE.OBJ
C:\FASTCG\CORE\DEBUG (FIXED FUNCTION PIPLINE)\STANDARDGEOMETRIES.OBJ
C:\FASTCG\CORE\DEBUG (FIXED FUNCTION PIPLINE)\STRINGUTILS.OBJ
C:\FASTCG\CORE\DEBUG (FIXED FUNCTION PIPLINE)\TEXTURE.OBJ
C:\FastCG\core\Debug (Fixed Function Pipline)\vc100.idb
C:\FASTCG\CORE\DEBUG (FIXED FUNCTION PIPLINE)\VC100.PDB
