C:\FastCG\dependencies\freeglut_281\Debug (Fixed Function Pipline)\cl.command.1.tlog
C:\FastCG\dependencies\freeglut_281\Debug (Fixed Function Pipline)\CL.read.1.tlog
C:\FastCG\dependencies\freeglut_281\Debug (Fixed Function Pipline)\CL.write.1.tlog
C:\FastCG\dependencies\freeglut_281\Debug (Fixed Function Pipline)\freeglut_281.vcxprojResolveAssemblyReference.cache
C:\FastCG\dependencies\freeglut_281\Debug (Fixed Function Pipline)\freeglut_281.write.1.tlog
C:\FASTCG\DEPENDENCIES\FREEGLUT_281\DEBUG (FIXED FUNCTION PIPLINE)\FREEGLUT_CALLBACKS.OBJ
C:\FASTCG\DEPENDENCIES\FREEGLUT_281\DEBUG (FIXED FUNCTION PIPLINE)\FREEGLUT_CURSOR.OBJ
C:\FASTCG\DEPENDENCIES\FREEGLUT_281\DEBUG (FIXED FUNCTION PIPLINE)\FREEGLUT_DISPLAY.OBJ
C:\FASTCG\DEPENDENCIES\FREEGLUT_281\DEBUG (FIXED FUNCTION PIPLINE)\FREEGLUT_EXT.OBJ
C:\FASTCG\DEPENDENCIES\FREEGLUT_281\DEBUG (FIXED FUNCTION PIPLINE)\FREEGLUT_FONT.OBJ
C:\FASTCG\DEPENDENCIES\FREEGLUT_281\DEBUG (FIXED FUNCTION PIPLINE)\FREEGLUT_FONT_DATA.OBJ
C:\FASTCG\DEPENDENCIES\FREEGLUT_281\DEBUG (FIXED FUNCTION PIPLINE)\FREEGLUT_GAMEMODE.OBJ
C:\FASTCG\DEPENDENCIES\FREEGLUT_281\DEBUG (FIXED FUNCTION PIPLINE)\FREEGLUT_GEOMETRY.OBJ
C:\FASTCG\DEPENDENCIES\FREEGLUT_281\DEBUG (FIXED FUNCTION PIPLINE)\FREEGLUT_GLUTFONT_DEFINITIONS.OBJ
C:\FASTCG\DEPENDENCIES\FREEGLUT_281\DEBUG (FIXED FUNCTION PIPLINE)\FREEGLUT_INIT.OBJ
C:\FASTCG\DEPENDENCIES\FREEGLUT_281\DEBUG (FIXED FUNCTION PIPLINE)\FREEGLUT_INPUT_DEVICES.OBJ
C:\FASTCG\DEPENDENCIES\FREEGLUT_281\DEBUG (FIXED FUNCTION PIPLINE)\FREEGLUT_JOYSTICK.OBJ
C:\FASTCG\DEPENDENCIES\FREEGLUT_281\DEBUG (FIXED FUNCTION PIPLINE)\FREEGLUT_MAIN.OBJ
C:\FASTCG\DEPENDENCIES\FREEGLUT_281\DEBUG (FIXED FUNCTION PIPLINE)\FREEGLUT_MENU.OBJ
C:\FASTCG\DEPENDENCIES\FREEGLUT_281\DEBUG (FIXED FUNCTION PIPLINE)\FREEGLUT_MISC.OBJ
C:\FASTCG\DEPENDENCIES\FREEGLUT_281\DEBUG (FIXED FUNCTION PIPLINE)\FREEGLUT_OVERLAY.OBJ
C:\FASTCG\DEPENDENCIES\FREEGLUT_281\DEBUG (FIXED FUNCTION PIPLINE)\FREEGLUT_SPACEBALL.OBJ
C:\FASTCG\DEPENDENCIES\FREEGLUT_281\DEBUG (FIXED FUNCTION PIPLINE)\FREEGLUT_STATE.OBJ
C:\FASTCG\DEPENDENCIES\FREEGLUT_281\DEBUG (FIXED FUNCTION PIPLINE)\FREEGLUT_STATIC.LIB
C:\FASTCG\DEPENDENCIES\FREEGLUT_281\DEBUG (FIXED FUNCTION PIPLINE)\FREEGLUT_STROKE_MONO_ROMAN.OBJ
C:\FASTCG\DEPENDENCIES\FREEGLUT_281\DEBUG (FIXED FUNCTION PIPLINE)\FREEGLUT_STROKE_ROMAN.OBJ
C:\FASTCG\DEPENDENCIES\FREEGLUT_281\DEBUG (FIXED FUNCTION PIPLINE)\FREEGLUT_STRUCTURE.OBJ
C:\FASTCG\DEPENDENCIES\FREEGLUT_281\DEBUG (FIXED FUNCTION PIPLINE)\FREEGLUT_TEAPOT.OBJ
C:\FASTCG\DEPENDENCIES\FREEGLUT_281\DEBUG (FIXED FUNCTION PIPLINE)\FREEGLUT_VIDEORESIZE.OBJ
C:\FASTCG\DEPENDENCIES\FREEGLUT_281\DEBUG (FIXED FUNCTION PIPLINE)\FREEGLUT_WINDOW.OBJ
C:\FASTCG\DEPENDENCIES\FREEGLUT_281\DEBUG (FIXED FUNCTION PIPLINE)\FREEGLUT_XINPUT.OBJ
C:\FastCG\dependencies\freeglut_281\Debug (Fixed Function Pipline)\lib.command.1.tlog
C:\FastCG\dependencies\freeglut_281\Debug (Fixed Function Pipline)\Lib-link.read.1.tlog
C:\FastCG\dependencies\freeglut_281\Debug (Fixed Function Pipline)\Lib-link.write.1.tlog
C:\FastCG\dependencies\freeglut_281\Debug (Fixed Function Pipline)\vc100.idb
C:\FASTCG\DEPENDENCIES\FREEGLUT_281\DEBUG (FIXED FUNCTION PIPLINE)\VC100.PDB
