C:\FASTCG\DEPENDENCIES\ZLIB_127\DEBUG (FIXED FUNCTION PIPLINE)\ADLER32.OBJ
C:\FastCG\dependencies\zlib_127\Debug (Fixed Function Pipline)\cl.command.1.tlog
C:\FastCG\dependencies\zlib_127\Debug (Fixed Function Pipline)\CL.read.1.tlog
C:\FastCG\dependencies\zlib_127\Debug (Fixed Function Pipline)\CL.write.1.tlog
C:\FASTCG\DEPENDENCIES\ZLIB_127\DEBUG (FIXED FUNCTION PIPLINE)\COMPRESS.OBJ
C:\FASTCG\DEPENDENCIES\ZLIB_127\DEBUG (FIXED FUNCTION PIPLINE)\CRC32.OBJ
C:\FASTCG\DEPENDENCIES\ZLIB_127\DEBUG (FIXED FUNCTION PIPLINE)\DEFLATE.OBJ
C:\FASTCG\DEPENDENCIES\ZLIB_127\DEBUG (FIXED FUNCTION PIPLINE)\GZCLOSE.OBJ
C:\FASTCG\DEPENDENCIES\ZLIB_127\DEBUG (FIXED FUNCTION PIPLINE)\GZLIB.OBJ
C:\FASTCG\DEPENDENCIES\ZLIB_127\DEBUG (FIXED FUNCTION PIPLINE)\GZREAD.OBJ
C:\FASTCG\DEPENDENCIES\ZLIB_127\DEBUG (FIXED FUNCTION PIPLINE)\GZWRITE.OBJ
C:\FASTCG\DEPENDENCIES\ZLIB_127\DEBUG (FIXED FUNCTION PIPLINE)\INFBACK.OBJ
C:\FASTCG\DEPENDENCIES\ZLIB_127\DEBUG (FIXED FUNCTION PIPLINE)\INFFAST.OBJ
C:\FASTCG\DEPENDENCIES\ZLIB_127\DEBUG (FIXED FUNCTION PIPLINE)\INFLATE.OBJ
C:\FASTCG\DEPENDENCIES\ZLIB_127\DEBUG (FIXED FUNCTION PIPLINE)\INFTREES.OBJ
C:\FastCG\dependencies\zlib_127\Debug (Fixed Function Pipline)\lib.command.1.tlog
C:\FastCG\dependencies\zlib_127\Debug (Fixed Function Pipline)\Lib-link.read.1.tlog
C:\FastCG\dependencies\zlib_127\Debug (Fixed Function Pipline)\Lib-link.write.1.tlog
C:\FASTCG\DEPENDENCIES\ZLIB_127\DEBUG (FIXED FUNCTION PIPLINE)\TREES.OBJ
C:\FASTCG\DEPENDENCIES\ZLIB_127\DEBUG (FIXED FUNCTION PIPLINE)\UNCOMPR.OBJ
C:\FastCG\dependencies\zlib_127\Debug (Fixed Function Pipline)\vc100.idb
C:\FASTCG\DEPENDENCIES\ZLIB_127\DEBUG (FIXED FUNCTION PIPLINE)\VC100.PDB
C:\FastCG\dependencies\zlib_127\Debug (Fixed Function Pipline)\zlib_127.write.1.tlog
C:\FASTCG\DEPENDENCIES\ZLIB_127\DEBUG (FIXED FUNCTION PIPLINE)\ZLIBD.LIB
C:\FASTCG\DEPENDENCIES\ZLIB_127\DEBUG (FIXED FUNCTION PIPLINE)\ZUTIL.OBJ
